[    0.000000] Linux version 4.15.0-212-generic (buildd@lcy02-amd64-083) (gcc version 7.5.0 (Ubuntu 7.5.0-3ubuntu1~18.04)) #223-Ubuntu SMP Tue May 23 13:09:22 UTC 2023 (Ubuntu 4.15.0-212.223-generic 4.15.18)
[    0.000000] Command line: BOOT_IMAGE=/boot/vmlinuz-4.15.0-212-generic root=LABEL=cloudimg-rootfs ro console=tty1 console=ttyS0
[    0.000000] KERNEL supported cpus:
[    0.000000]   Intel GenuineIntel
[    0.000000]   AMD AuthenticAMD
[    0.000000]   Centaur CentaurHauls
[    0.000000] x86/fpu: Supporting XSAVE feature 0x001: 'x87 floating point registers'
[    0.000000] x86/fpu: Supporting XSAVE feature 0x002: 'SSE registers'
[    0.000000] x86/fpu: Supporting XSAVE feature 0x004: 'AVX registers'
[    0.000000] x86/fpu: xstate_offset[2]:  576, xstate_sizes[2]:  256
[    0.000000] x86/fpu: Enabled xstate features 0x7, context size is 832 bytes, using 'standard' format.
[    0.000000] e820: BIOS-provided physical RAM map:
[    0.000000] BIOS-e820: [mem 0x0000000000000000-0x000000000009fbff] usable
[    0.000000] BIOS-e820: [mem 0x000000000009fc00-0x000000000009ffff] reserved
[    0.000000] BIOS-e820: [mem 0x00000000000f0000-0x00000000000fffff] reserved
[    0.000000] BIOS-e820: [mem 0x0000000000100000-0x00000000bffeffff] usable
[    0.000000] BIOS-e820: [mem 0x00000000bfff0000-0x00000000bfffffff] ACPI data
[    0.000000] BIOS-e820: [mem 0x00000000fec00000-0x00000000fec00fff] reserved
[    0.000000] BIOS-e820: [mem 0x00000000fee00000-0x00000000fee00fff] reserved
[    0.000000] BIOS-e820: [mem 0x00000000fffc0000-0x00000000ffffffff] reserved
[    0.000000] NX (Execute Disable) protection: active
[    0.000000] SMBIOS 2.5 present.
[    0.000000] DMI: innotek GmbH VirtualBox/VirtualBox, BIOS VirtualBox 12/01/2006
[    0.000000] Hypervisor detected: KVM
[    0.000000] e820: last_pfn = 0xbfff0 max_arch_pfn = 0x400000000
[    0.000000] MTRR: Disabled
[    0.000000] x86/PAT: MTRRs disabled, skipping PAT initialization too.
[    0.000000] CPU MTRRs all blank - virtualized system.
[    0.000000] x86/PAT: Configuration [0-7]: WB  WT  UC- UC  WB  WT  UC- UC  
[    0.000000] found SMP MP-table at [mem 0x0009fff0-0x0009ffff]
[    0.000000] Scanning 1 areas for low memory corruption
[    0.000000] RAMDISK: [mem 0x359cb000-0x36cdcfff]
[    0.000000] ACPI: Early table checksum verification disabled
[    0.000000] ACPI: RSDP 0x00000000000E0000 000024 (v02 VBOX  )
[    0.000000] ACPI: XSDT 0x00000000BFFF0030 00003C (v01 VBOX   VBOXXSDT 00000001 ASL  00000061)
[    0.000000] ACPI: FACP 0x00000000BFFF00F0 0000F4 (v04 VBOX   VBOXFACP 00000001 ASL  00000061)
[    0.000000] ACPI: DSDT 0x00000000BFFF0470 002325 (v02 VBOX   VBOXBIOS 00000002 INTL 20200925)
[    0.000000] ACPI: FACS 0x00000000BFFF0200 000040
[    0.000000] ACPI: FACS 0x00000000BFFF0200 000040
[    0.000000] ACPI: APIC 0x00000000BFFF0240 00005C (v02 VBOX   VBOXAPIC 00000001 ASL  00000061)
[    0.000000] ACPI: SSDT 0x00000000BFFF02A0 0001CC (v01 VBOX   VBOXCPUT 00000002 INTL 20200925)
[    0.000000] ACPI: Reserving FACP table memory at [mem 0xbfff00f0-0xbfff01e3]
[    0.000000] ACPI: Reserving DSDT table memory at [mem 0xbfff0470-0xbfff2794]
[    0.000000] ACPI: Reserving FACS table memory at [mem 0xbfff0200-0xbfff023f]
[    0.000000] ACPI: Reserving FACS table memory at [mem 0xbfff0200-0xbfff023f]
[    0.000000] ACPI: Reserving APIC table memory at [mem 0xbfff0240-0xbfff029b]
[    0.000000] ACPI: Reserving SSDT table memory at [mem 0xbfff02a0-0xbfff046b]
[    0.000000] No NUMA configuration found
[    0.000000] Faking a node at [mem 0x0000000000000000-0x00000000bffeffff]
[    0.000000] NODE_DATA(0) allocated [mem 0xbffc5000-0xbffeffff]
[    0.000000] kvm-clock: cpu 0, msr 0:bff44001, primary cpu clock
[    0.000000] kvm-clock: Using msrs 4b564d01 and 4b564d00
[    0.000000] kvm-clock: using sched offset of 4467750087 cycles
[    0.000000] clocksource: kvm-clock: mask: 0xffffffffffffffff max_cycles: 0x1cd42e4dffb, max_idle_ns: 881590591483 ns
[    0.000000] Zone ranges:
[    0.000000]   DMA      [mem 0x0000000000001000-0x0000000000ffffff]
[    0.000000]   DMA32    [mem 0x0000000001000000-0x00000000bffeffff]
[    0.000000]   Normal   empty
[    0.000000]   Device   empty
[    0.000000] Movable zone start for each node
[    0.000000] Early memory node ranges
[    0.000000]   node   0: [mem 0x0000000000001000-0x000000000009efff]
[    0.000000]   node   0: [mem 0x0000000000100000-0x00000000bffeffff]
[    0.000000] Reserved but unavailable: 104 pages
[    0.000000] Initmem setup node 0 [mem 0x0000000000001000-0x00000000bffeffff]
[    0.000000] ACPI: PM-Timer IO Port: 0x4008
[    0.000000] IOAPIC[0]: apic_id 2, version 32, address 0xfec00000, GSI 0-23
[    0.000000] ACPI: INT_SRC_OVR (bus 0 bus_irq 0 global_irq 2 dfl dfl)
[    0.000000] ACPI: INT_SRC_OVR (bus 0 bus_irq 9 global_irq 9 low level)
[    0.000000] Using ACPI (MADT) for SMP configuration information
[    0.000000] smpboot: Allowing 2 CPUs, 0 hotplug CPUs
[    0.000000] PM: Registered nosave memory: [mem 0x00000000-0x00000fff]
[    0.000000] PM: Registered nosave memory: [mem 0x0009f000-0x0009ffff]
[    0.000000] PM: Registered nosave memory: [mem 0x000a0000-0x000effff]
[    0.000000] PM: Registered nosave memory: [mem 0x000f0000-0x000fffff]
[    0.000000] e820: [mem 0xc0000000-0xfebfffff] available for PCI devices
[    0.000000] Booting paravirtualized kernel on KVM
[    0.000000] clocksource: refined-jiffies: mask: 0xffffffff max_cycles: 0xffffffff, max_idle_ns: 7645519600211568 ns
[    0.000000] setup_percpu: NR_CPUS:8192 nr_cpumask_bits:2 nr_cpu_ids:2 nr_node_ids:1
[    0.000000] percpu: Embedded 50 pages/cpu s167936 r8192 d28672 u1048576
[    0.000000] PV qspinlock hash table entries: 256 (order: 0, 4096 bytes)
[    0.000000] Built 1 zonelists, mobility grouping on.  Total pages: 774009
[    0.000000] Policy zone: DMA32
[    0.000000] Kernel command line: BOOT_IMAGE=/boot/vmlinuz-4.15.0-212-generic root=LABEL=cloudimg-rootfs ro console=tty1 console=ttyS0
[    0.000000] Memory: 3047028K/3145272K available (12300K kernel code, 2477K rwdata, 4324K rodata, 2480K init, 2720K bss, 98244K reserved, 0K cma-reserved)
[    0.000000] SLUB: HWalign=64, Order=0-3, MinObjects=0, CPUs=2, Nodes=1
[    0.000000] Kernel/User page tables isolation: enabled
[    0.000000] ftrace: allocating 39508 entries in 155 pages
[    0.004000] Hierarchical RCU implementation.
[    0.004000] 	RCU restricting CPUs from NR_CPUS=8192 to nr_cpu_ids=2.
[    0.004000] 	Tasks RCU enabled.
[    0.004000] RCU: Adjusting geometry for rcu_fanout_leaf=16, nr_cpu_ids=2
[    0.004000] NR_IRQS: 524544, nr_irqs: 440, preallocated irqs: 16
[    0.004000] random: crng init done
[    0.004000] Console: colour VGA+ 80x25
[    0.004000] console [tty1] enabled
[    0.004000] console [ttyS0] enabled
[    0.004000] ACPI: Core revision 20170831
[    0.004000] ACPI: 2 ACPI AML tables successfully acquired and loaded
[    0.004000] APIC: Switch to symmetric I/O mode setup
[    0.004000] x2apic enabled
[    0.004000] Switched APIC routing to physical x2apic.
[    0.005863] ..TIMER: vector=0x30 apic1=0 pin1=2 apic2=-1 pin2=-1
[    0.008012] tsc: Detected 2712.000 MHz processor
[    0.009538] Calibrating delay loop (skipped) preset value.. 5424.00 BogoMIPS (lpj=10848000)
[    0.012006] pid_max: default: 32768 minimum: 301
[    0.013511] Security Framework initialized
[    0.016006] Yama: becoming mindful.
[    0.017141] AppArmor: AppArmor initialized
[    0.020277] Dentry cache hash table entries: 524288 (order: 10, 4194304 bytes)
[    0.024338] Inode-cache hash table entries: 262144 (order: 9, 2097152 bytes)
[    0.026782] Mount-cache hash table entries: 8192 (order: 4, 65536 bytes)
[    0.028024] Mountpoint-cache hash table entries: 8192 (order: 4, 65536 bytes)
[    0.032407] Last level iTLB entries: 4KB 64, 2MB 8, 4MB 8
[    0.034061] Last level dTLB entries: 4KB 64, 2MB 0, 4MB 0, 1GB 4
[    0.036011] Spectre V1 : Mitigation: usercopy/swapgs barriers and __user pointer sanitization
[    0.038969] Spectre V2 : Mitigation: Retpolines
[    0.040005] Spectre V2 : Spectre v2 / SpectreRSB mitigation: Filling RSB on context switch
[    0.042550] Spectre V2 : Spectre v2 / SpectreRSB : Filling RSB on VMEXIT
[    0.044007] RETBleed: WARNING: Spectre v2 mitigation leaves CPU vulnerable to RETBleed attacks, data leaks possible!
[    0.048006] RETBleed: Vulnerable
[    0.049083] Speculative Store Bypass: Vulnerable
[    0.052146] MDS: Mitigation: Clear CPU buffers
[    0.053821] MMIO Stale Data: Mitigation: Clear CPU buffers
[    0.056012] SRBDS: Unknown: Dependent on hypervisor status
[    0.060295] Freeing SMP alternatives memory: 36K
[    0.172000] APIC calibration not consistent with PM-Timer: 98ms instead of 100ms
[    0.172000] APIC delta adjusted to PM-Timer: 6250631 (6126057)
[    0.172092] smpboot: CPU0: Intel(R) Core(TM) i5-7200U CPU @ 2.50GHz (family: 0x6, model: 0x8e, stepping: 0x9)
[    0.176156] Performance Events: unsupported p6 CPU model 142 no PMU driver, software events only.
[    0.180064] Hierarchical SRCU implementation.
[    0.182924] NMI watchdog: Perf event create on CPU 0 failed with -2
[    0.184006] NMI watchdog: Perf NMI watchdog permanently disabled
[    0.188083] smp: Bringing up secondary CPUs ...
[    0.193245] x86: Booting SMP configuration:
[    0.196010] .... node  #0, CPUs:      #1
[    0.004000] kvm-clock: cpu 1, msr 0:bff44041, secondary cpu clock
[    0.202215] smp: Brought up 1 node, 2 CPUs
[    0.204011] smpboot: Max logical packages: 1
[    0.208006] smpboot: Total of 2 processors activated (10848.00 BogoMIPS)
[    0.213533] devtmpfs: initialized
[    0.216077] x86/mm: Memory block size: 128MB
[    0.218233] evm: security.selinux
[    0.219553] evm: security.SMACK64
[    0.220010] evm: security.SMACK64EXEC
[    0.221387] evm: security.SMACK64TRANSMUTE
[    0.222649] evm: security.SMACK64MMAP
[    0.224005] evm: security.apparmor
[    0.225351] evm: security.ima
[    0.226473] evm: security.capability
[    0.228156] clocksource: jiffies: mask: 0xffffffff max_cycles: 0xffffffff, max_idle_ns: 7645041785100000 ns
[    0.232037] futex hash table entries: 512 (order: 3, 32768 bytes)
[    0.236064] pinctrl core: initialized pinctrl subsystem
[    0.240135] RTC time: 23:26:38, date: 11/29/23
[    0.242705] NET: Registered protocol family 16
[    0.244152] audit: initializing netlink subsys (disabled)
[    0.248070] audit: type=2000 audit(1701300403.510:1): state=initialized audit_enabled=0 res=1
[    0.252010] cpuidle: using governor ladder
[    0.254326] cpuidle: using governor menu
[    0.256000] ACPI: bus type PCI registered
[    0.256007] acpiphp: ACPI Hot Plug PCI Controller Driver version: 0.5
[    0.260119] PCI: Using configuration type 1 for base access
[    0.265321] HugeTLB registered 2.00 MiB page size, pre-allocated 0 pages
[    0.268110] ACPI: Added _OSI(Module Device)
[    0.269445] ACPI: Added _OSI(Processor Device)
[    0.271110] ACPI: Added _OSI(3.0 _SCP Extensions)
[    0.272013] ACPI: Added _OSI(Processor Aggregator Device)
[    0.276018] ACPI: Added _OSI(Linux-Dell-Video)
[    0.280010] ACPI: Added _OSI(Linux-Lenovo-NV-HDMI-Audio)
[    0.281782] ACPI: Added _OSI(Linux-HPI-Hybrid-Graphics)
[    0.284346] ACPI: Executed 1 blocks of module-level executable AML code
[    0.293092] ACPI: Interpreter enabled
[    0.295257] ACPI: (supports S0 S5)
[    0.296008] ACPI: Using IOAPIC for interrupt routing
[    0.298189] PCI: Using host bridge windows from ACPI; if necessary, use "pci=nocrs" and report a bug
[    0.300306] ACPI: Enabled 2 GPEs in block 00 to 07
[    0.316389] ACPI: PCI Root Bridge [PCI0] (domain 0000 [bus 00-ff])
[    0.319938] acpi PNP0A03:00: _OSC: OS supports [ASPM ClockPM Segments MSI]
[    0.324421] acpi PNP0A03:00: _OSC: not requesting OS control; OS requires [ExtendedConfig ASPM ClockPM MSI]
[    0.328025] acpi PNP0A03:00: fail to add MMCONFIG information, can't access extended PCI configuration space under this bridge.
[    0.332603] PCI host bridge to bus 0000:00
[    0.336008] pci_bus 0000:00: root bus resource [io  0x0000-0x0cf7 window]
[    0.340013] pci_bus 0000:00: root bus resource [io  0x0d00-0xffff window]
[    0.344011] pci_bus 0000:00: root bus resource [mem 0x000a0000-0x000bffff window]
[    0.348008] pci_bus 0000:00: root bus resource [mem 0xc0000000-0xfdffffff window]
[    0.352017] pci_bus 0000:00: root bus resource [bus 00-ff]
[    0.358094] pci 0000:00:01.1: legacy IDE quirk: reg 0x10: [io  0x01f0-0x01f7]
[    0.360008] pci 0000:00:01.1: legacy IDE quirk: reg 0x14: [io  0x03f6]
[    0.364005] pci 0000:00:01.1: legacy IDE quirk: reg 0x18: [io  0x0170-0x0177]
[    0.368011] pci 0000:00:01.1: legacy IDE quirk: reg 0x1c: [io  0x0376]
[    0.430131] pci 0000:00:07.0: quirk: [io  0x4000-0x403f] claimed by PIIX4 ACPI
[    0.432025] pci 0000:00:07.0: quirk: [io  0x4100-0x410f] claimed by PIIX4 SMB
[    0.478563] ACPI: PCI Interrupt Link [LNKA] (IRQs 5 9 10 *11)
[    0.480572] ACPI: PCI Interrupt Link [LNKB] (IRQs 5 9 *10 11)
[    0.484104] ACPI: PCI Interrupt Link [LNKC] (IRQs 5 *9 10 11)
[    0.486197] ACPI: PCI Interrupt Link [LNKD] (IRQs 5 9 10 *11)
[    0.488592] SCSI subsystem initialized
[    0.492653] pci 0000:00:02.0: vgaarb: setting as boot VGA device
[    0.496000] pci 0000:00:02.0: vgaarb: VGA device added: decodes=io+mem,owns=io+mem,locks=none
[    0.496028] pci 0000:00:02.0: vgaarb: bridge control possible
[    0.500008] vgaarb: loaded
[    0.501611] ACPI: bus type USB registered
[    0.504055] usbcore: registered new interface driver usbfs
[    0.505843] usbcore: registered new interface driver hub
[    0.508000] usbcore: registered new device driver usb
[    0.508109] EDAC MC: Ver: 3.0.0
[    0.511353] PCI: Using ACPI for IRQ routing
[    0.512342] NetLabel: Initializing
[    0.516008] NetLabel:  domain hash size = 128
[    0.520007] NetLabel:  protocols = UNLABELED CIPSOv4 CALIPSO
[    0.524039] NetLabel:  unlabeled traffic allowed by default
[    0.528095] clocksource: Switched to clocksource kvm-clock
[    0.544101] VFS: Disk quotas dquot_6.6.0
[    0.549056] VFS: Dquot-cache hash table entries: 512 (order 0, 4096 bytes)
[    0.552645] AppArmor: AppArmor Filesystem Enabled
[    0.554978] pnp: PnP ACPI init
[    0.558051] pnp: PnP ACPI: found 3 devices
[    0.572454] clocksource: acpi_pm: mask: 0xffffff max_cycles: 0xffffff, max_idle_ns: 2085701024 ns
[    0.579520] NET: Registered protocol family 2
[    0.581849] IP idents hash table entries: 65536 (order: 7, 524288 bytes)
[    0.585523] TCP established hash table entries: 32768 (order: 6, 262144 bytes)
[    0.589169] TCP bind hash table entries: 32768 (order: 7, 524288 bytes)
[    0.593213] TCP: Hash tables configured (established 32768 bind 32768)
[    0.595763] UDP hash table entries: 2048 (order: 4, 65536 bytes)
[    0.598855] UDP-Lite hash table entries: 2048 (order: 4, 65536 bytes)
[    0.602288] NET: Registered protocol family 1
[    0.604927] pci 0000:00:00.0: Limiting direct PCI/PCI transfers
[    0.607856] pci 0000:00:01.0: Activating ISA DMA hang workarounds
[    0.611142] pci 0000:00:02.0: Video device with shadowed ROM at [mem 0x000c0000-0x000dffff]
[    0.615587] Unpacking initramfs...
[    1.066007] Freeing initrd memory: 19528K
[    1.068429] clocksource: tsc: mask: 0xffffffffffffffff max_cycles: 0x2717868ea45, max_idle_ns: 440795316085 ns
[    1.073703] platform rtc_cmos: registered platform RTC device (no PNP device found)
[    1.075905] Scanning for low memory corruption every 60 seconds
[    1.078164] Initialise system trusted keyrings
[    1.079514] Key type blacklist registered
[    1.081053] workingset: timestamp_bits=36 max_order=20 bucket_order=0
[    1.088536] zbud: loaded
[    1.091438] squashfs: version 4.0 (2009/01/31) Phillip Lougher
[    1.096020] fuse init (API version 7.26)
[    1.101691] Key type asymmetric registered
[    1.104608] Asymmetric key parser 'x509' registered
[    1.108136] Block layer SCSI generic (bsg) driver version 0.4 loaded (major 246)
[    1.113746] io scheduler noop registered
[    1.116455] io scheduler deadline registered
[    1.119740] io scheduler cfq registered (default)
[    1.123631] ACPI: AC Adapter [AC] (on-line)
[    1.126962] input: Power Button as /devices/LNXSYSTM:00/LNXPWRBN:00/input/input0
[    1.132499] ACPI: Power Button [PWRF]
[    1.135162] input: Sleep Button as /devices/LNXSYSTM:00/LNXSLPBN:00/input/input1
[    1.138110] ACPI: Sleep Button [SLPF]
[    1.142885] ACPI: Battery Slot [BAT0] (battery present)
[    1.147088] Serial: 8250/16550 driver, 32 ports, IRQ sharing enabled
[    1.171594] 00:02: ttyS0 at I/O 0x3f8 (irq = 4, base_baud = 115200) is a 16550A
[    1.178696] Linux agpgart interface v0.103
[    1.181948] loop: module loaded
[    1.183969] scsi host0: ata_piix
[    1.187572] scsi host1: ata_piix
[    1.188845] ata1: PATA max UDMA/33 cmd 0x1f0 ctl 0x3f6 bmdma 0xd000 irq 14
[    1.191640] ata2: PATA max UDMA/33 cmd 0x170 ctl 0x376 bmdma 0xd008 irq 15
[    1.194582] tun: Universal TUN/TAP device driver, 1.6
[    1.196683] PPP generic driver version 2.4.2
[    1.198182] ehci_hcd: USB 2.0 'Enhanced' Host Controller (EHCI) Driver
[    1.202040] ehci-pci: EHCI PCI platform driver
[    1.204398] ehci-platform: EHCI generic platform driver
[    1.205911] ohci_hcd: USB 1.1 'Open' Host Controller (OHCI) Driver
[    1.208742] ohci-pci: OHCI PCI platform driver
[    1.210546] ohci-platform: OHCI generic platform driver
[    1.211962] uhci_hcd: USB Universal Host Controller Interface driver
[    1.214500] i8042: PNP: PS/2 Controller [PNP0303:PS2K,PNP0f03:PS2M] at 0x60,0x64 irq 1,12
[    1.217936] serio: i8042 KBD port at 0x60,0x64 irq 1
[    1.219701] serio: i8042 AUX port at 0x60,0x64 irq 12
[    1.221592] mousedev: PS/2 mouse device common for all mice
[    1.224106] input: AT Translated Set 2 keyboard as /devices/platform/i8042/serio0/input/input2
[    1.227579] rtc_cmos rtc_cmos: rtc core: registered rtc_cmos as rtc0
[    1.230955] rtc_cmos rtc_cmos: alarms up to one day, 114 bytes nvram
[    1.232857] i2c /dev entries driver
[    1.233887] device-mapper: uevent: version 1.0.3
[    1.235281] device-mapper: ioctl: 4.37.0-ioctl (2017-09-20) initialised: dm-devel@redhat.com
[    1.238232] ledtrig-cpu: registered to indicate activity on CPUs
[    1.240585] NET: Registered protocol family 10
[    1.250340] Segment Routing with IPv6
[    1.252022] NET: Registered protocol family 17
[    1.254647] Key type dns_resolver registered
[    1.259484] mce: Using 0 MCE banks
[    1.261401] RAS: Correctable Errors collector initialized.
[    1.263724] sched_clock: Marking stable (1261346630, 0)->(1782430442, -521083812)
[    1.268290] registered taskstats version 1
[    1.270972] Loading compiled-in X.509 certificates
[    1.276329] Loaded X.509 cert 'Build time autogenerated kernel key: b5b26778eaa3ab3a4a6cee031137706e947d12ad'
[    1.279913] Loaded X.509 cert 'Canonical Ltd. Live Patch Signing: 14df34d1a87cf37625abec039ef2bf521249b969'
[    1.283451] Loaded X.509 cert 'Canonical Ltd. Kernel Module Signing: 88f752e560a1e0737e31163a466ad7b70a850c19'
[    1.287456] blacklist: Loading compiled-in revocation X.509 certificates
[    1.290894] Loaded X.509 cert 'Canonical Ltd. Secure Boot Signing: 61482aa2830d0ab2ad5af10b7250da9033ddcef0'
[    1.293812] Loaded X.509 cert 'Canonical Ltd. Secure Boot Signing (2017): 242ade75ac4a15e50d50c84b0d45ff3eae707a03'
[    1.299458] Loaded X.509 cert 'Canonical Ltd. Secure Boot Signing (ESM 2018): 365188c1d374d6b07c3c8f240f8ef722433d6a8b'
[    1.303431] Loaded X.509 cert 'Canonical Ltd. Secure Boot Signing (2019): c0746fd6c5da3ae827864651ad66ae47fe24b3e8'
[    1.307512] Loaded X.509 cert 'Canonical Ltd. Secure Boot Signing (2021 v1): a8d54bbb3825cfb94fa13c9f8a594a195c107b8d'
[    1.311287] Loaded X.509 cert 'Canonical Ltd. Secure Boot Signing (2021 v2): 4cf046892d6fd3c9a5b03f98d845f90851dc6a8c'
[    1.318413] Loaded X.509 cert 'Canonical Ltd. Secure Boot Signing (2021 v3): 100437bb6de6e469b581e61cd66bce3ef4ed53af'
[    1.324886] Loaded X.509 cert 'Canonical Ltd. Secure Boot Signing (Ubuntu Core 2019): c1d57b8f6b743f23ee41f4f7ee292f06eecadfb9'
[    1.331255] zswap: loaded using pool lzo/zbud
[    1.338401] Key type big_key registered
[    1.339552] Key type trusted registered
[    1.342475] Key type encrypted registered
[    1.344139] AppArmor: AppArmor sha1 policy hashing enabled
[    1.345659] ima: No TPM chip found, activating TPM-bypass! (rc=-19)
[    1.348653] ima: Allocated hash algorithm: sha1
[    1.349989] evm: HMAC attrs: 0x1
[    1.351442]   Magic number: 15:28:455
[    1.367208] rtc_cmos rtc_cmos: setting system clock to 2023-11-29 23:26:39 UTC (1701300399)
[    1.382313] BIOS EDD facility v0.16 2004-Jun-25, 0 devices found
[    1.385561] EDD information not available.
[    1.391980] Freeing unused kernel image memory: 2480K
[    1.408087] Write protecting the kernel read-only data: 20480k
[    1.410169] Freeing unused kernel image memory: 2008K
[    1.411991] Freeing unused kernel image memory: 1820K
[    1.425670] x86/mm: Checked W+X mappings: passed, no W+X pages found.
[    1.427470] x86/mm: Checking user space page tables
[    1.447795] x86/mm: Checked W+X mappings: passed, no W+X pages found.
Loading, please wait...
starting version 237
[    1.567314] e1000: Intel(R) PRO/1000 Network Driver - version 7.3.21-k8-NAPI
[    1.572899] e1000: Copyright (c) 1999-2006 Intel Corporation.
[    1.581321] Fusion MPT base driver 3.04.20
[    1.583891] Copyright (c) 1999-2008 LSI Corporation
[    1.610572] AVX2 version of gcm_enc/dec engaged.
[    1.614164] AES CTR mode by8 optimization enabled
[    1.621614] Fusion MPT SPI Host driver 3.04.20
[    1.812239] input: ImExPS/2 Generic Explorer Mouse as /devices/platform/i8042/serio1/input/input4
[    2.056768] e1000 0000:00:03.0 eth0: (PCI:33MHz:32-bit) 02:3b:7b:b7:3b:2d
[    2.062402] e1000 0000:00:03.0 eth0: Intel(R) PRO/1000 Network Connection
[    2.516589] e1000 0000:00:08.0 eth1: (PCI:33MHz:32-bit) 08:00:27:37:e9:cc
[    2.518895] e1000 0000:00:08.0 eth1: Intel(R) PRO/1000 Network Connection
[    2.525547] mptbase: ioc0: Initiating bringup
[    2.530334] e1000 0000:00:03.0 enp0s3: renamed from eth0
[    2.544635] e1000 0000:00:08.0 enp0s8: renamed from eth1
[    2.700476] ioc0: LSI53C1030 A0: Capabilities={Initiator}
[    4.649584] scsi host2: ioc0: LSI53C1030 A0, FwRev=00000000h, Ports=1, MaxQ=256, IRQ=20
[    7.695003] scsi 2:0:0:0: Direct-Access     VBOX     HARDDISK         1.0  PQ: 0 ANSI: 5
[    7.732113] scsi target2:0:0: Beginning Domain Validation
[    7.735461] scsi target2:0:0: Domain Validation skipping write tests
[    7.738748] scsi target2:0:0: Ending Domain Validation
[    7.740723] scsi target2:0:0: asynchronous
[    7.743763] scsi 2:0:1:0: Direct-Access     VBOX     HARDDISK         1.0  PQ: 0 ANSI: 5
[    7.780086] scsi target2:0:1: Beginning Domain Validation
[    7.783929] scsi target2:0:1: Domain Validation skipping write tests
[    7.786903] scsi target2:0:1: Ending Domain Validation
[    7.789566] scsi target2:0:1: asynchronous
[    7.797500] sd 2:0:0:0: Attached scsi generic sg0 type 0
[    7.800672] sd 2:0:0:0: [sda] 83886080 512-byte logical blocks: (42.9 GB/40.0 GiB)
[    7.806318] sd 2:0:0:0: [sda] Write Protect is off
[    7.810111] sd 2:0:1:0: [sdb] 20480 512-byte logical blocks: (10.5 MB/10.0 MiB)
[    7.810233] sd 2:0:0:0: [sda] Incomplete mode parameter data
[    7.816541] sd 2:0:1:0: Attached scsi generic sg1 type 0
[    7.817770] sd 2:0:0:0: [sda] Assuming drive cache: write through
[    7.834346] sd 2:0:1:0: [sdb] Write Protect is off
[    7.838869] sd 2:0:1:0: [sdb] Incomplete mode parameter data
[    7.839987]  sda: sda1
[    7.846760] sd 2:0:1:0: [sdb] Assuming drive cache: write through
[    7.858601] sd 2:0:0:0: [sda] Attached SCSI disk
[    7.870650] sd 2:0:1:0: [sdb] Attached SCSI disk
Begin: Loading essential drivers ... [    9.696044] raid6: sse2x1   gen()  8089 MB/s
[    9.744069] raid6: sse2x1   xor()  5198 MB/s
[    9.792042] raid6: sse2x2   gen()  9987 MB/s
[    9.840056] raid6: sse2x2   xor()  6831 MB/s
[    9.888081] raid6: sse2x4   gen() 11291 MB/s
[    9.936093] raid6: sse2x4   xor()  6549 MB/s
[    9.984054] raid6: avx2x1   gen() 15985 MB/s
[   10.032061] raid6: avx2x1   xor() 10053 MB/s
[   10.080066] raid6: avx2x2   gen() 14378 MB/s
[   10.132066] raid6: avx2x2   xor()  9240 MB/s
[   10.180020] raid6: avx2x4   gen() 19729 MB/s
[   10.228070] raid6: avx2x4   xor() 13091 MB/s
[   10.229677] raid6: using algorithm avx2x4 gen() 19729 MB/s
[   10.231505] raid6: .... xor() 13091 MB/s, rmw enabled
[   10.233092] raid6: using avx2x2 recovery algorithm
[   10.235815] xor: automatically using best checksumming function   avx       
[   10.238743] async_tx: api initialized (async)
done.
Begin: Running /scripts/init-premount ... done.
Begin: Mounting root file system ... Begin: Running /scripts/local-top ... done.
Begin: Running /scripts/local-premount ... [   10.321029] Btrfs loaded, crc32c=crc32c-intel
Scanning for Btrfs filesystems
done.
Warning: fsck not present, so skipping root file system
[   10.407550] EXT4-fs (sda1): mounted filesystem with ordered data mode. Opts: (null)
done.
Begin: Running /scripts/local-bottom ... done.
Begin: Running /scripts/init-bottom ... done.
[   10.741578] ip_tables: (C) 2000-2006 Netfilter Core Team
[   10.761868] systemd[1]: systemd 237 running in system mode. (+PAM +AUDIT +SELINUX +IMA +APPARMOR +SMACK +SYSVINIT +UTMP +LIBCRYPTSETUP +GCRYPT +GNUTLS +ACL +XZ +LZ4 +SECCOMP +BLKID +ELFUTILS +KMOD -IDN2 +IDN -PCRE2 default-hierarchy=hybrid)
[   10.772069] systemd[1]: Detected virtualization oracle.
[   10.775636] systemd[1]: Detected architecture x86-64.

Welcome to [1mUbuntu 18.04.6 LTS[0m!

[   10.813079] systemd[1]: Set hostname to <ubuntu>.
[   10.822616] systemd[1]: Initializing machine ID from random generator.
[   10.825729] systemd[1]: Installed transient /etc/machine-id file.
[   11.332274] systemd[1]: Reached target System Time Synchronized.
[[0;32m  OK  [0m] Reached target System Time Synchronized.
[   11.336808] systemd[1]: Set up automount Arbitrary Executable File Formats File System Automount Point.
[[0;32m  OK  [0m] Set up automount Arbitrary Executab…rmats File System Automount Point.
[   11.343875] systemd[1]: Reached target Swap.
[[0;32m  OK  [0m] Reached target Swap.
[   11.640883] systemd[1]: Created slice System Slice.
[[0;32m  OK  [0m] Created slice System Slice.
[[0;32m  OK  [0m] Listening on Device-mapper event daemon FIFOs.
[[0;32m  OK  [0m] Listening on Journal Socket.
         Starting Load Kernel Modules...
         Mounting Huge Pages File System...
         Mounting POSIX Message Queue File System...
         Mounting Kernel Debug File System...
[[0;32m  OK  [0m] Listening on Network Service Netlink Socket.
[[0;32m  OK  [0m] Listening on LVM2 metadata daemon socket.
         Starting Set the console keyboard layout...
         Starting Monitoring of LVM2 mirrors…ng dmeventd or progress polling...
[[0;32m  OK  [0m] Listening on Journal Audit Socket.
[[0;32m  OK  [0m] Listening on Journal Socket (/dev/log).
[[0;32m  OK  [0m] Listening on udev Control Socket.
[[0;32m  OK  [0m] Listening on fsck to fsckd communication Socket.
[   11.705862] Loading iSCSI transport class v2.0-870.
         Starting File System Check on Root Device...
[[0;32m  OK  [0m] Listening on udev Kernel Socket.
         Starting udev Coldplug all Devices...
[[0;32m  OK  [0m] Listening on /dev/initctl Compatibility Named Pipe.
         Starting Uncomplicated firewall...
[[0;32m  OK  [0m] Listening on Syslog Socket.
         Starting Journal Service...
         Starting Create list of required st…ce nodes for the current kernel...
[[0;32m  OK  [0m] Listening on LVM2 poll daemon socket.
[[0;32m  OK  [0m] Reached target Mounting snaps.
[[0;32m  OK  [0m] Reached target Mounted snaps.
[[0;32m  OK  [0m] Started Forward Password Requests to Wall Directory Watch.
[[0;32m  OK  [0m] Created slice User and Session Slice.
[[0;32m  OK  [0m] Reached target Slices.
[[0;32m  OK  [0m] Created slice system-serial\x2dgetty.slice.
[[0;32m  OK  [0m] Reached target User and Group Name Lookups.
[[0;32m  OK  [0m] Mounted Huge Pages File System.
[[0;32m  OK  [0m] Mounted POSIX Message Queue File System.
[[0;32m  OK  [0m] Mounted Kernel Debug File System.
[   11.774766] iscsi: registered transport (tcp)
[   11.802455] iscsi: registered transport (iser)
[[0;32m  OK  [0m] Started Load Kernel Modules.
[[0;32m  OK  [0m] Started File System Check Daemon to report status.
         Starting Apply Kernel Variables...
         Mounting Kernel Configuration File System...
         Mounting FUSE Control File System...
[[0;32m  OK  [0m] Mounted Kernel Configuration File System.
[[0;32m  OK  [0m] Mounted FUSE Control File System.
[[0;32m  OK  [0m] Started Uncomplicated firewall.
[[0;32m  OK  [0m] Started Create list of required sta…vice nodes for the current kernel.
         Starting Create Static Device Nodes in /dev...
[[0;32m  OK  [0m] Started LVM2 metadata daemon.
[[0;32m  OK  [0m] Started udev Coldplug all Devices.
[[0;32m  OK  [0m] Started Journal Service.
[[0;32m  OK  [0m] Started File System Check on Root Device.
         Starting Remount Root and Kernel File Systems...
[[0;32m  OK  [0m] Started Create Static Device Nodes in /dev.
[[0;32m  OK  [0m] Started Apply Kernel Variables.
[[0;32m  OK  [0m] Started Remount Root and Kernel File Systems.
         Starting Flush Journal to Persistent Storage...
         Starting Load/Save Random Seed...
         Starting udev Kernel Device Manager...
[[0;32m  OK  [0m] Started Monitoring of LVM2 mirrors,…sing dmeventd or progress polling.
[[0;32m  OK  [0m] Started Load/Save Random Seed.
[[0;32m  OK  [0m] Started udev Kernel Device Manager.
[[0;32m  OK  [0m] Started Flush Journal to Persistent Storage.
[[0;32m  OK  [0m] Found device /dev/ttyS0.
[[0;32m  OK  [0m] Listening on Load/Save RF Kill Switch Status /dev/rfkill Watch.
         Mounting Arbitrary Executable File Formats File System...
[[0;32m  OK  [0m] Mounted Arbitrary Executable File Formats File System.
[[0;32m  OK  [0m] Started Set the console keyboard layout.
[[0;32m  OK  [0m] Started Dispatch Password Requests to Console Directory Watch.
[[0;32m  OK  [0m] Reached target Local Encrypted Volumes.
[[0;32m  OK  [0m] Reached target Local File Systems (Pre).
[[0;32m  OK  [0m] Reached target Local File Systems.
         Starting Set console font and keymap...
         Starting Tell Plymouth To Write Out Runtime Data...
         Starting Create Volatile Files and Directories...
         Starting AppArmor initialization...
         Starting Commit a transient machine-id on disk...
         Starting ebtables ruleset management...
[[0;32m  OK  [0m] Started Create Volatile Files and Directories.
         Starting Update UTMP about System Boot/Shutdown...
[[0;32m  OK  [0m] Started Tell Plymouth To Write Out Runtime Data.
[[0;32m  OK  [0m] Started Update UTMP about System Boot/Shutdown.
[[0;32m  OK  [0m] Started Commit a transient machine-id on disk.
[[0;32m  OK  [0m] Started ebtables ruleset management.
[[0;32m  OK  [0m] Started Set console font and keymap.
[[0;32m  OK  [0m] Started AppArmor initialization.
         Starting Load AppArmor profiles managed internally by snapd...
         Starting Initial cloud-init job (pre-networking)...
[[0;32m  OK  [0m] Started Load AppArmor profiles managed internally by snapd.
[   20.593411] cloud-init[887]: Cloud-init v. 23.1.2-0ubuntu0~18.04.1 running 'init-local' at Wed, 29 Nov 2023 23:26:57 +0000. Up 19.84 seconds.
[[0;32m  OK  [0m] Started Initial cloud-init job (pre-networking).
[[0;32m  OK  [0m] Reached target Network (Pre).
         Starting Network Service...
[[0;32m  OK  [0m] Started Network Service.
         Starting Network Name Resolution...
         Starting Wait for Network to be Configured...
[[0;32m  OK  [0m] Started Network Name Resolution.
[[0;32m  OK  [0m] Reached target Network.
[[0;32m  OK  [0m] Reached target Host and Network Name Lookups.
[[0;32m  OK  [0m] Started Wait for Network to be Configured.
         Starting Initial cloud-init job (metadata service crawler)...
[   23.727377] cloud-init[1020]: Cloud-init v. 23.1.2-0ubuntu0~18.04.1 running 'init' at Wed, 29 Nov 2023 23:27:01 +0000. Up 23.44 seconds.
[   23.730264] cloud-init[1020]: ci-info: ++++++++++++++++++++++++++++++++++++++Net device info+++++++++++++++++++++++++++++++++++++++
[   23.731846] cloud-init[1020]: ci-info: +--------+-------+----------------------------+---------------+--------+-------------------+
[   23.739672] cloud-init[1020]: ci-info: | Device |   Up  |          Address           |      Mask     | Scope  |     Hw-Address    |
[   23.745220] cloud-init[1020]: ci-info: +--------+-------+----------------------------+---------------+--------+-------------------+
[   23.757301] cloud-init[1020]: ci-info: | enp0s3 |  True |         10.0.2.15          | 255.255.255.0 | global | 02:3b:7b:b7:3b:2d |
[   23.769762] cloud-init[1020]: ci-info: | enp0s3 |  True | fe80::3b:7bff:feb7:3b2d/64 |       .       |  link  | 02:3b:7b:b7:3b:2d |
[   23.781365] cloud-init[1020]: ci-info: | enp0s8 | False |             .              |       .       |   .    | 08:00:27:37:e9:cc |
[   23.795035] cloud-init[1020]: ci-info: |   lo   |  True |         127.0.0.1          |   255.0.0.0   |  host  |         .         |
[   23.812162] cloud-init[1020]: ci-info: |   lo   |  True |          ::1/128           |       .       |  host  |         .         |
[   23.828504] cloud-init[1020]: ci-info: +--------+-------+----------------------------+---------------+--------+-------------------+
[   23.847806] cloud-init[1020]: ci-info: ++++++++++++++++++++++++++++Route IPv4 info+++++++++++++++++++++++++++++
[   23.859585] cloud-init[1020]: ci-info: +-------+-------------+----------+-----------------+-----------+-------+
[   23.861293] cloud-init[1020]: ci-info: | Route | Destination | Gateway  |     Genmask     | Interface | Flags |
[   23.862981] cloud-init[1020]: ci-info: +-------+-------------+----------+-----------------+-----------+-------+
[   23.864729] cloud-init[1020]: ci-info: |   0   |   0.0.0.0   | 10.0.2.2 |     0.0.0.0     |   enp0s3  |   UG  |
[   23.868416] cloud-init[1020]: ci-info: |   1   |   10.0.2.0  | 0.0.0.0  |  255.255.255.0  |   enp0s3  |   U   |
[   23.871204] cloud-init[1020]: ci-info: |   2   |   10.0.2.2  | 0.0.0.0  | 255.255.255.255 |   enp0s3  |   UH  |
[   23.874115] cloud-init[1020]: ci-info: +-------+-------------+----------+-----------------+-----------+-------+
[   23.877879] cloud-init[1020]: ci-info: +++++++++++++++++++Route IPv6 info+++++++++++++++++++
[   23.879278] cloud-init[1020]: ci-info: +-------+-------------+---------+-----------+-------+
[   23.880774] cloud-init[1020]: ci-info: | Route | Destination | Gateway | Interface | Flags |
[   23.885085] cloud-init[1020]: ci-info: +-------+-------------+---------+-----------+-------+
[   23.886518] cloud-init[1020]: ci-info: |   1   |  fe80::/64  |    ::   |   enp0s3  |   U   |
[   23.888075] cloud-init[1020]: ci-info: |   3   |    local    |    ::   |   enp0s3  |   U   |
[   23.889554] cloud-init[1020]: ci-info: |   4   |   ff00::/8  |    ::   |   enp0s3  |   U   |
[   23.891085] cloud-init[1020]: ci-info: +-------+-------------+---------+-----------+-------+
[   25.489905] cloud-init[1020]: Generating public/private rsa key pair.
[   25.515846] cloud-init[1020]: Your identification has been saved in /etc/ssh/ssh_host_rsa_key.
[   25.547817] cloud-init[1020]: Your public key has been saved in /etc/ssh/ssh_host_rsa_key.pub.
[   25.573307] cloud-init[1020]: The key fingerprint is:
[   25.595386] cloud-init[1020]: SHA256:WwCpOwxiESrTHdM5BrXixBf51xTNyTiJEKjl5PD/ujw root@ubuntu-bionic
[   25.606132] cloud-init[1020]: [[0;32m  OK  [0m] Started Initial cloud-init job (metadata service crawler).
[[0;32m  OK  [0m] Reached target Network is Online.
The key's randomart image is:
         Starting Availability of block devices...
[[0;32m  OK  [0m] Reached target Remote File Systems (Pre).
[[0;32m  OK  [0m] Reached target Remote File Systems.
[   25.651939] cloud-init[1020]: +---[RSA 2048]----+
[[0;32m  OK  [0m[   25.718323] cloud-init[1020]: | .. +++=oo ..B . |
[   25.722542] cloud-init[1020]: |.o o.o@+  . = =  |
] Reached target Cloud-config availability.
[[0;32m  OK  [0m] Reached target System Initialization.
[   25.737231] cloud-init[1020]: |+ o =@oo.  o .   |
[   25.785874] cloud-init[1020]: |oo.ooo+ ... .    |
[[   25.804662] cloud-init[1020]: |.. o.. .S..      |
[   25.804967] cloud-init[1020]: |    +   .o       |
[   25.822234] cloud-init[1020]: |     .  ..       |
[   25.822312] cloud-init[1020]: |       .E .      |
[   25.822383] cloud-init[1020]: |        ++       |
[   25.822455] cloud-init[1020]: +----[SHA256]-----+
[   25.822525] cloud-init[1020]: Generating public/private dsa key pair.
[   25.822595] cloud-init[1020]: Your identification has been saved in /etc/ssh/ssh_host_dsa_key.
[   25.822664] cloud-init[1020]: Your public key has been saved in /etc/ssh/ssh_host_dsa_key.pub.
[   25.822756] cloud-init[1020]: The key fingerprint is:
[   25.822823] cloud-init[1020]: SHA256:hW2OkgOWUoX2d/SxcmzszCT7wFV7vvIn0vRYCVa8qoU root@ubuntu-bionic
[   25.822899] cloud-init[1020]: The key's randomart image is:
[   25.822968] cloud-init[1020]: +---[DSA 1024]----+
[   25.823032] cloud-init[1020]: |    .o.       .  |
[   25.823102] cloud-init[1020]: |   .o.   o. . .o |
[   25.823174] cloud-init[1020]: |  ..+.  ..++ +...|
[   25.823242] cloud-init[1020]: |   o ....=+ Xo...|
[   25.823311] cloud-init[1020]: |      +.So.%o oo.|
[   25.823384] cloud-init[1020]: |       o  +E+o..o|
[   25.823449] cloud-init[1020]: |           ooo +.|
[   25.823516] cloud-init[1020]: |           .o.+.o|
[   25.823582] cloud-init[1020]: |             .oo.|
[   25.823651] cloud-init[1020]: +----[SHA256]-----+
[   25.823722] cloud-init[1020]: Generating public/private ecdsa key pair.
[   25.823791] cloud-init[1020]: Your identification has been saved in /etc/ssh/ssh_host_ecdsa_key.
[   25.823858] cloud-init[1020]: Your public key has been saved in /etc/ssh/ssh_host_ecdsa_key.pub.
[   25.823931] cloud-init[1020]: The key fingerprint is:
[   25.823998] cloud-init[1020]: SHA256:PeCEr0JK26hJ+Vt+qGmKOqk7iQYwxW66/1MqhXakHL4 root@ubuntu-bionic
[   25.824072] cloud-init[1020]: The key's randomart image is:
[   25.824137] cloud-init[1020]: +---[ECDSA 256]---+
[   25.824209] cloud-init[1020]: | .               |
[   25.824275] cloud-init[1020]: |  o    .         |
[   25.824347] cloud-init[1020]: | o    . o        |
[   25.824411] cloud-init[1020]: |o + .  + o       |
[   25.824484] cloud-init[1020]: |.*.=.   S o      |
[   25.824551] cloud-init[1020]: |o.B*o ..   .     |
[   25.824619] cloud-init[1020]: |oB++o+o          |
[   25.824699] cloud-init[1020]: |X+E.*o .         |
[   25.824776] cloud-init[1020]: |@*+B+o.          |
[   25.824853] cloud-init[1020]: +----[SHA256]-----+
[   25.824923] cloud-init[1020]: Generating public/private ed25519 key pair.
[   25.824996] cloud-init[1020]: Your identification has been saved in /etc/ssh/ssh_host_ed25519_key.
[   25.825062] cloud-init[1020]: Your public key has been saved in /etc/ssh/ssh_host_ed25519_key.pub.
[   25.825134] cloud-init[1020]: The key fingerprint is:
[   25.825208] cloud-init[1020]: SHA256:z9IMs2tt7lhSs7wZNgW7aWsXi3VFm6XF+LYwEiSlEek root@ubuntu-bionic
[   25.825272] cloud-init[1020]: The key's randomart image is:
[   25.825336] cloud-init[1020]: +--[ED25519 256]--+
[   25.825399] cloud-init[1020]: |         +=o   o |
[   25.825467] cloud-init[1020]: |         .+.  . =|
[   25.825539] cloud-init[1020]: |        ... .  =+|
[   25.825603] cloud-init[1020]: |         E + o.o+|
[   25.825669] cloud-init[1020]: |        S + o oo.|
[   25.825739] cloud-init[1020]: |         @ *o .. |
[   25.825807] cloud-init[1020]: |        +./o +   |
[   25.825874] cloud-init[1020]: |        .O=*o    |
[0;32m  OK  [0m] Listening on ACPID Listen Socket.
[   25.840718] cloud-init[1020]: |       .o=*.     |
[   25.847007] cloud-init[1020]: +----[SHA256]-----+
[[0;32m  OK  [0m] Listening on UUID daemon activation socket.
[[0;32m  OK  [0m] Started Ubuntu Advantage Timer for running repeated jobs.
[[0;32m  OK  [0m] Started Daily Cleanup of Temporary Directories.
[[0;32m  OK  [0m] Started Discard unused blocks once a week.
[[0;32m  OK  [0m] Listening on D-Bus System Message Bus Socket.
[[0;32m  OK  [0m] Listening on cloud-init hotplug hook socket.
[[0;32m  OK  [0m] Listening on Open-iSCSI iscsid Socket.
[[0;32m  OK  [0m] Started Message of the Day.
[[0;32m  OK  [0m] Started Daily apt download activities.
[[0;32m  OK  [0m] Started Daily apt upgrade and clean activities.
         Starting Socket activation for snappy daemon.
         Starting LXD - unix socket.
[[0;32m  OK  [0m] Reached target Timers.
[[0;32m  OK  [0m] Started ACPI Events Check.
[[0;32m  OK  [0m] Reached target Paths.
[[0;32m  OK  [0m] Started Availability of block devices.
[[0;32m  OK  [0m] Listening on Socket activation for snappy daemon.
[[0;32m  OK  [0m] Listening on LXD - unix socket.
[[0;32m  OK  [0m] Reached target Sockets.
[[0;32m  OK  [0m] Reached target Basic System.
         Starting LSB: automatic crash report generation...
[[0;32m  OK  [0m] Started FUSE filesystem for LXC.
         Starting LXD - container startup/shutdown...
[[0;32m  OK  [0m] Reached target Login Prompts (Pre).
         Starting System Logging Service...
[[0;32m  OK  [0m] Started Deferred execution scheduler.
         Starting Permit User Sessions...
         Starting Dispatcher daemon for systemd-networkd...
         Starting Virtualbox guest utils...
         Starting LSB: Record successful boot for GRUB...
         Starting Pollinate to seed the pseudo random number generator...
         Starting Login Service...
[[0;32m  OK  [0m] Started irqbalance daemon.
         Starting Accounts Service...
[[0;32m  OK  [0m] Started Regular background program processing daemon.
[[0;32m  OK  [0m] Started D-Bus System Message Bus.
[[0;32m  OK  [0m] Started Login Service.
[[0;32m  OK  [0m] Started Unattended Upgrades Shutdown.
         Starting Snap Daemon...
[[0;32m  OK  [0m] Started System Logging Service.
[[0;32m  OK  [0m] Started LXD - container startup/shutdown.
[[0;32m  OK  [0m] Started Permit User Sessions.
         Starting Authorization Manager...
         Starting Terminate Plymouth Boot Screen...
         Starting Hold until boot process finishes up...
[[0;32m  OK  [0m] Started Terminate Plymouth Boot Screen.
[[0;32m  OK  [0m] Started Hold until boot process finishes up.
[[0;32m  OK  [0m] Started Serial Getty on ttyS0.
         Starting Set console scheme...
[[0;32m  OK  [0m] Started LSB: automatic crash report generation.
[[0;32m  OK  [0m] Started Dispatcher daemon for systemd-networkd.
[[0;32m  OK  [0m] Started Set console scheme.
[[0;32m  OK  [0m] Created slice system-getty.slice.
[[0;32m  OK  [0m] Started Getty on tty1.
[[0;32m  OK  [0m] Reached target Login Prompts.
[[0;32m  OK  [0m] Started LSB: Record successful boot for GRUB.
[[0;32m  OK  [0m] Started Authorization Manager.
[[0;32m  OK  [0m] Started Accounts Service.
[[0;32m  OK  [0m] Started Virtualbox guest utils.
[[0;32m  OK  [0m] Started Snap Daemon.
         Starting Wait until snapd is fully seeded...

Ubuntu 18.04.6 LTS ubuntu-bionic ttyS0

ubuntu-bionic login: [   44.499093] cloud-init[1749]: Cloud-init v. 23.1.2-0ubuntu0~18.04.1 running 'modules:config' at Wed, 29 Nov 2023 23:27:21 +0000. Up 43.54 seconds.
ci-info: no authorized SSH keys fingerprints found for user ubuntu.
<14>Nov 29 23:27:24 cloud-init: #############################################################
<14>Nov 29 23:27:24 cloud-init: -----BEGIN SSH HOST KEY FINGERPRINTS-----
<14>Nov 29 23:27:24 cloud-init: 1024 SHA256:hW2OkgOWUoX2d/SxcmzszCT7wFV7vvIn0vRYCVa8qoU root@ubuntu-bionic (DSA)
<14>Nov 29 23:27:24 cloud-init: 256 SHA256:PeCEr0JK26hJ+Vt+qGmKOqk7iQYwxW66/1MqhXakHL4 root@ubuntu-bionic (ECDSA)
<14>Nov 29 23:27:24 cloud-init: 256 SHA256:z9IMs2tt7lhSs7wZNgW7aWsXi3VFm6XF+LYwEiSlEek root@ubuntu-bionic (ED25519)
<14>Nov 29 23:27:24 cloud-init: 2048 SHA256:WwCpOwxiESrTHdM5BrXixBf51xTNyTiJEKjl5PD/ujw root@ubuntu-bionic (RSA)
<14>Nov 29 23:27:24 cloud-init: -----END SSH HOST KEY FINGERPRINTS-----
<14>Nov 29 23:27:24 cloud-init: #############################################################
-----BEGIN SSH HOST KEY KEYS-----
ecdsa-sha2-nistp256 AAAAE2VjZHNhLXNoYTItbmlzdHAyNTYAAAAIbmlzdHAyNTYAAABBBJjd0z4JXO71FFAaWlFIKsHDtn6FBos1YpzIqhZuixjm/b4rmz8UbUssygGzfip45GsoWlUD2pI8Hd2Gr/QD9qs= root@ubuntu-bionic
ssh-ed25519 AAAAC3NzaC1lZDI1NTE5AAAAINlRTdeNeN/LDsIo5twtfrBCv088wbUXBh0p7hxGODEW root@ubuntu-bionic
ssh-rsa AAAAB3NzaC1yc2EAAAADAQABAAABAQCuCEjouf71YAZ6AiSBx1TMpY1yLeR8v5QdfZKGOwbZNl2Sbb7lCUixnnvdG9v+phZvtrw5YejUZAEe5xyMOpEJIwFAtZM+Tlcpa9Eiolat5iVTlTt4G+dJmXwe+6n6tKpDWRo3uWLCabp3hL8nvIGZQwGyqsTIcuvaB56wG0pSVGhJnEtGhUDWk8+UA/N5sm/539EtKtfWDWokVFaphW+5yyXdLCnq+80UAh8K8IyRgrUeG1I8FaQitmcpvHZpMz3bF91VQx8JowOTBV+UFLGSVn98RHtVj3EOng2eIkNj/BLtbGxxX5FPYv3Ic2IKwq27DBRwbbPuJqf9haSPvOvp root@ubuntu-bionic
-----END SSH HOST KEY KEYS-----
[   46.080145] cloud-init[1886]: Cloud-init v. 23.1.2-0ubuntu0~18.04.1 running 'modules:final' at Wed, 29 Nov 2023 23:27:23 +0000. Up 45.69 seconds.
[   46.086544] cloud-init[1886]: Cloud-init v. 23.1.2-0ubuntu0~18.04.1 finished at Wed, 29 Nov 2023 23:27:24 +0000. Datasource DataSourceNoCloud [seed=/dev/sdb][dsmode=net].  Up 46.04 seconds
